function [0] void <top>()
0: DLOAD 11
9: STORECTXDVAR @0:5
14: DLOAD 7
23: STORECTXDVAR @0:4
28: LOADCTXDVAR @0:4
33: DLOAD 2
42: LOADCTXDVAR @0:5
47: SWAP
48: DMUL
49: SWAP
50: DADD
51: DLOAD 1
60: SWAP
61: DSUB
62: STORECTXDVAR @0:6
67: LOADCTXDVAR @0:6
72: DPRINT
73: SLOAD @1
76: SPRINT
77: LOADCTXDVAR @0:4
82: DLOAD 2
91: SWAP
92: DADD
93: LOADCTXDVAR @0:5
98: SWAP
99: DMUL
100: DLOAD 1
109: SWAP
110: DSUB
111: STORECTXDVAR @0:6
116: LOADCTXDVAR @0:6
121: DPRINT
122: SLOAD @1
125: SPRINT
126: ILOAD 2
135: STORECTXIVAR @0:1
140: ILOAD 7
149: STORECTXIVAR @0:2
154: LOADCTXIVAR @0:2
159: ILOAD 2
168: SWAP
169: IDIV
170: ILOAD 1
179: IADD
180: STORECTXIVAR @0:3
185: LOADCTXIVAR @0:3
190: IPRINT
191: SLOAD @1
194: SPRINT
195: LOADCTXIVAR @0:2
200: LOADCTXIVAR @0:1
205: IMUL
206: ILOAD 3
215: INEG
216: SWAP
217: IDIV
218: STORECTXIVAR @0:3
223: LOADCTXIVAR @0:3
228: IPRINT
229: SLOAD @1
232: SPRINT
=======================
Functions found: 1
function [0] void <top>()
0: ILOAD 1
9: IPRINT
10: SLOAD @1
13: SPRINT
14: ILOAD 2
23: INEG
24: IPRINT
25: SLOAD @1
28: SPRINT
29: ILOAD 1234567890123456
38: IPRINT
39: SLOAD @1
42: SPRINT
43: ILOAD 1234567890123456
52: INEG
53: IPRINT
54: SLOAD @1
57: SPRINT
58: DLOAD 1
67: DPRINT
68: SLOAD @1
71: SPRINT
72: DLOAD 2
81: DNEG
82: DPRINT
83: SLOAD @1
86: SPRINT
87: DLOAD 1e+08
96: DPRINT
97: SLOAD @1
100: SPRINT
101: DLOAD 1e-08
110: DPRINT
111: SLOAD @1
114: SPRINT
=======================
Functions found: 1
function [0] void <top>()
0: ILOAD 3
9: ILOAD 2
18: CALL *1
21: IPRINT
22: SLOAD @1
25: SPRINT
26: CALL *2
29: DLOAD 0
38: DLOAD 0
47: DLOAD 0
56: DLOAD 0
65: DLOAD 2
74: ILOAD 2
83: CALL *4
86: DPRINT
87: SLOAD @1
90: SPRINT
91: DLOAD 0
100: DLOAD 5
109: DLOAD 4
118: DLOAD 3
127: DLOAD 2
136: ILOAD 4
145: CALL *4
148: DPRINT
149: SLOAD @1
152: SPRINT
153: DLOAD 6
162: DLOAD 5
171: DLOAD 4
180: DLOAD 3
189: DLOAD 2
198: ILOAD 5
207: CALL *4
210: DPRINT
211: SLOAD @1
214: SPRINT
215: ILOAD 9
224: CALL *3
227: IPRINT
228: SLOAD @1
231: SPRINT
function [1] int add(int, int)
0: STORECTXIVAR @1:1
5: STORECTXIVAR @1:2
10: LOADCTXIVAR @1:1
15: LOADCTXIVAR @1:2
20: IADD
21: RETURN
function [2] void doit()
0: SLOAD @2
3: SPRINT
4: RETURN
function [3] int fact(int)
0: STORECTXIVAR @3:1
5: LOADCTXIVAR @3:1
10: ILOAD 3
19: IFICMPG 26
22: ILOAD0
23: JA 27
26: ILOAD1
27: ILOAD0
28: IFICMPE 40
31: LOADCTXIVAR @3:1
36: RETURN
37: JA 40
40: LOADCTXIVAR @3:1
45: LOADCTXIVAR @3:1
50: ILOAD 1
59: SWAP
60: ISUB
61: CALL *3
64: IMUL
65: RETURN
function [4] double mul5(int, double, double, double, double, double)
0: STORECTXIVAR @4:1
5: STORECTXDVAR @4:2
10: STORECTXDVAR @4:3
15: STORECTXDVAR @4:4
20: STORECTXDVAR @4:5
25: STORECTXDVAR @4:6
30: DLOAD 1
39: STORECTXDVAR @4:7
44: LOADCTXIVAR @4:1
49: ILOAD 1
58: IFICMPL 65
61: ILOAD0
62: JA 66
65: ILOAD1
66: ILOAD0
67: IFICMPE 90
70: LOADCTXDVAR @4:7
75: LOADCTXDVAR @4:2
80: SWAP
81: DMUL
82: STORECTXDVAR @4:7
87: JA 90
90: LOADCTXIVAR @4:1
95: ILOAD 2
104: IFICMPL 111
107: ILOAD0
108: JA 112
111: ILOAD1
112: ILOAD0
113: IFICMPE 136
116: LOADCTXDVAR @4:7
121: LOADCTXDVAR @4:3
126: SWAP
127: DMUL
128: STORECTXDVAR @4:7
133: JA 136
136: LOADCTXIVAR @4:1
141: ILOAD 3
150: IFICMPL 157
153: ILOAD0
154: JA 158
157: ILOAD1
158: ILOAD0
159: IFICMPE 182
162: LOADCTXDVAR @4:7
167: LOADCTXDVAR @4:4
172: SWAP
173: DMUL
174: STORECTXDVAR @4:7
179: JA 182
182: LOADCTXIVAR @4:1
187: ILOAD 4
196: IFICMPL 203
199: ILOAD0
200: JA 204
203: ILOAD1
204: ILOAD0
205: IFICMPE 228
208: LOADCTXDVAR @4:7
213: LOADCTXDVAR @4:5
218: SWAP
219: DMUL
220: STORECTXDVAR @4:7
225: JA 228
228: LOADCTXIVAR @4:1
233: ILOAD 5
242: IFICMPL 249
245: ILOAD0
246: JA 250
249: ILOAD1
250: ILOAD0
251: IFICMPE 274
254: LOADCTXDVAR @4:7
259: LOADCTXDVAR @4:6
264: SWAP
265: DMUL
266: STORECTXDVAR @4:7
271: JA 274
274: LOADCTXDVAR @4:7
279: RETURN
=======================
Functions found: 5
function [0] void <top>()
0: ILOAD 3
9: STORECTXIVAR @0:1
14: LOADCTXIVAR @0:1
19: ILOAD 19
28: IFICMPG 35
31: ILOAD0
32: JA 36
35: ILOAD1
36: ILOAD0
37: IFICMPE 73
40: LOADCTXIVAR @0:1
45: IPRINT
46: SLOAD @1
49: SPRINT
50: ILOAD 1
59: LOADCTXIVAR @0:1
64: IADD
65: STORECTXIVAR @0:1
70: JA 14
73: ILOAD 4
82: STORECTXIVAR @0:2
87: LOADCTXIVAR @0:1
92: ILOAD 0
101: IFICMPL 108
104: ILOAD0
105: JA 109
108: ILOAD1
109: LOADCTXIVAR @0:1
114: ILOAD 1
123: IADD
124: LOADCTXIVAR @0:2
129: IFICMPL 136
132: ILOAD0
133: JA 137
136: ILOAD1
137: ILOAD0
138: IFICMPE 145
141: ILOAD1
142: JA 146
145: ILOAD0
146: SWAP
147: ILOAD0
148: IFICMPE 155
151: ILOAD1
152: JA 156
155: ILOAD0
156: IMUL
157: ILOAD0
158: IFICMPE 194
161: LOADCTXIVAR @0:1
166: IPRINT
167: SLOAD @1
170: SPRINT
171: ILOAD 1
180: LOADCTXIVAR @0:1
185: ISUB
186: STORECTXIVAR @0:1
191: JA 87
=======================
Functions found: 1
function [0] void <top>()
0: ILOAD 3
9: STORECTXIVAR @0:2
14: SLOAD @1
17: SPRINT
18: ILOAD 3
27: INEG
28: STORECTXIVAR @0:1
33: ILOAD 4
42: LOADCTXIVAR @0:1
47: IFICMPG 91
50: LOADCTXIVAR @0:1
55: LOADCTXIVAR @0:2
60: IADD
61: STORECTXIVAR @0:2
66: LOADCTXIVAR @0:1
71: IPRINT
72: SLOAD @2
75: SPRINT
76: ILOAD1
77: LOADCTXIVAR @0:1
82: IADD
83: STORECTXIVAR @0:1
88: JA 33
91: SLOAD @3
94: SPRINT
95: LOADCTXIVAR @0:2
100: IPRINT
101: SLOAD @3
104: SPRINT
105: SLOAD @4
108: SPRINT
=======================
Functions found: 1
function [0] void <top>()
0: ILOAD 3
9: STORECTXIVAR @0:2
14: DLOAD 7
23: STORECTXDVAR @0:1
28: SLOAD @1
31: SPRINT
32: LOADCTXIVAR @0:2
37: ILOAD 6
46: IMUL
47: IPRINT
48: SLOAD @2
51: SPRINT
52: SLOAD @3
55: SPRINT
56: LOADCTXDVAR @0:1
61: DLOAD 3
70: SWAP
71: DMUL
72: DPRINT
73: SLOAD @2
76: SPRINT
77: SLOAD @4
80: SPRINT
81: LOADCTXIVAR @0:2
86: ILOAD 123456789012345
95: IMUL
96: IPRINT
97: SLOAD @2
100: SPRINT
101: SLOAD @5
104: SPRINT
105: LOADCTXDVAR @0:1
110: DLOAD 1e+15
119: SWAP
120: DMUL
121: DPRINT
122: SLOAD @2
125: SPRINT
=======================
Functions found: 1
function [0] void <top>()
0: ILOAD 5
9: STORECTXIVAR @0:2
14: DLOAD 2
23: STORECTXDVAR @0:1
=======================
Functions found: 1
function [0] void <top>()
0: ILOAD 19
9: STORECTXIVAR @0:2
14: DLOAD 7
23: STORECTXDVAR @0:1
28: SLOAD @1
31: SPRINT
32: LOADCTXIVAR @0:2
37: ILOAD 6
46: SWAP
47: IDIV
48: IPRINT
49: SLOAD @2
52: SPRINT
53: SLOAD @3
56: SPRINT
57: LOADCTXDVAR @0:1
62: DLOAD 3
71: SWAP
72: DDIV
73: DPRINT
74: SLOAD @2
77: SPRINT
78: SLOAD @4
81: SPRINT
82: LOADCTXIVAR @0:2
87: ILOAD 123456789012345
96: SWAP
97: IDIV
98: IPRINT
99: SLOAD @2
102: SPRINT
103: SLOAD @5
106: SPRINT
107: LOADCTXDVAR @0:1
112: DLOAD 1e+15
121: SWAP
122: DDIV
123: DPRINT
124: SLOAD @2
127: SPRINT
=======================
Functions found: 1
function [0] void <top>()
0: ILOAD 1
9: STORECTXIVAR @0:2
14: DLOAD 2
23: STORECTXDVAR @0:1
28: SLOAD @1
31: SPRINT
32: LOADCTXIVAR @0:2
37: ILOAD 1
46: SWAP
47: ISUB
48: IPRINT
49: SLOAD @2
52: SPRINT
53: SLOAD @3
56: SPRINT
57: LOADCTXDVAR @0:1
62: DLOAD 1
71: SWAP
72: DSUB
73: DPRINT
74: SLOAD @2
77: SPRINT
78: SLOAD @4
81: SPRINT
82: LOADCTXIVAR @0:2
87: ILOAD 123456789012345
96: SWAP
97: ISUB
98: IPRINT
99: SLOAD @2
102: SPRINT
103: SLOAD @5
106: SPRINT
107: LOADCTXDVAR @0:1
112: DLOAD 1e+09
121: SWAP
122: DSUB
123: DPRINT
124: SLOAD @2
127: SPRINT
=======================
Functions found: 1
=======================
Functions found: 0
function [0] void <top>()
0: ILOAD 1
9: STORECTXIVAR @0:2
14: DLOAD 2
23: STORECTXDVAR @0:1
28: SLOAD @1
31: SPRINT
32: LOADCTXIVAR @0:2
37: ILOAD 1
46: IADD
47: IPRINT
48: SLOAD @2
51: SPRINT
52: SLOAD @3
55: SPRINT
56: LOADCTXDVAR @0:1
61: DLOAD 1
70: SWAP
71: DADD
72: DPRINT
73: SLOAD @2
76: SPRINT
77: SLOAD @4
80: SPRINT
81: LOADCTXIVAR @0:2
86: ILOAD 123456789012345
95: IADD
96: IPRINT
97: SLOAD @2
100: SPRINT
101: SLOAD @5
104: SPRINT
105: LOADCTXDVAR @0:1
110: DLOAD 1e+09
119: SWAP
120: DADD
121: DPRINT
122: SLOAD @2
125: SPRINT
=======================
Functions found: 1
function [0] void <top>()
0: ILOAD 1
9: STORECTXIVAR @0:1
14: ILOAD 2
23: STORECTXIVAR @0:2
28: ILOAD 3
37: STORECTXIVAR @0:3
42: LOADCTXIVAR @0:1
47: ILOAD 1
56: IADD
57: STORECTXIVAR @0:1
62: LOADCTXIVAR @0:1
67: IPRINT
68: SLOAD @1
71: SPRINT
72: LOADCTXIVAR @0:2
77: LOADCTXIVAR @0:3
82: IMUL
83: LOADCTXIVAR @0:1
88: IADD
89: STORECTXIVAR @0:1
94: LOADCTXIVAR @0:1
99: IPRINT
100: SLOAD @1
103: SPRINT
104: LOADCTXIVAR @0:1
109: ILOAD 5
118: SWAP
119: ISUB
120: LOADCTXIVAR @0:2
125: ISUB
126: STORECTXIVAR @0:2
131: LOADCTXIVAR @0:2
136: IPRINT
137: SLOAD @1
140: SPRINT
=======================
Functions found: 1
function [0] void <top>()
0: ILOAD 7
9: STORECTXIVAR @0:1
14: ILOAD 8
23: STORECTXIVAR @0:2
28: LOADCTXIVAR @0:1
33: LOADCTXIVAR @0:2
38: IFICMPG 45
41: ILOAD0
42: JA 46
45: ILOAD1
46: LOADCTXIVAR @0:2
51: ILOAD 1
60: IFICMPL 67
63: ILOAD0
64: JA 68
67: ILOAD1
68: ILOAD0
69: IFICMPE 76
72: ILOAD1
73: JA 77
76: ILOAD0
77: SWAP
78: ILOAD0
79: IFICMPE 86
82: ILOAD1
83: JA 87
86: ILOAD0
87: IMUL
88: LOADCTXIVAR @0:1
93: ILOAD 2
102: IFICMPG 109
105: ILOAD0
106: JA 110
109: ILOAD1
110: ILOAD0
111: IFICMPE 118
114: ILOAD1
115: JA 119
118: ILOAD0
119: ILOAD1
120: ISUB
121: ILOAD0
122: IFICMPE 129
125: ILOAD1
126: JA 130
129: ILOAD0
130: SWAP
131: ILOAD0
132: IFICMPE 139
135: ILOAD1
136: JA 140
139: ILOAD0
140: IMUL
141: ILOAD0
142: IFICMPE 152
145: SLOAD @1
148: SPRINT
149: JA 152
152: LOADCTXIVAR @0:1
157: LOADCTXIVAR @0:2
162: IFICMPE 169
165: ILOAD0
166: JA 170
169: ILOAD1
170: ILOAD0
171: IFICMPE 181
174: SLOAD @2
177: SPRINT
178: JA 185
181: SLOAD @3
184: SPRINT
185: LOADCTXIVAR @0:1
190: ILOAD 7
199: IFICMPGE 206
202: ILOAD0
203: JA 207
206: ILOAD1
207: ILOAD0
208: IFICMPE 218
211: SLOAD @4
214: SPRINT
215: JA 222
218: SLOAD @5
221: SPRINT
222: LOADCTXIVAR @0:1
227: ILOAD 77
236: IFICMPLE 243
239: ILOAD0
240: JA 244
243: ILOAD1
244: ILOAD0
245: IFICMPE 255
248: SLOAD @6
251: SPRINT
252: JA 259
255: SLOAD @7
258: SPRINT
=======================
Functions found: 1
